\BOOKMARK [0][]{makecovercn.0}{\376\377\116\055\145\207\134\001\227\142}{}% 1
\BOOKMARK [0][]{makecoveren.0}{\376\377\202\361\145\207\134\001\227\142}{}% 2
\BOOKMARK [0][]{makecoverinner.0}{\376\377\230\230\166\356\230\165}{}% 3
\BOOKMARK [0][]{makestatementbuaa.0}{\376\377\162\354\122\033\140\047\130\360\146\016}{}% 4
\BOOKMARK [0][]{abstructkeyword.0}{\376\377\116\055\202\361\144\130\211\201}{}% 5
\BOOKMARK [0][]{makecontextlist.0}{\376\377\166\356\137\125}{}% 6
\BOOKMARK [0][]{chapter.1}{\376\377\173\054\116\000\172\340\000\040\000\040\176\352\213\272}{}% 7
\BOOKMARK [1][]{section.1.1}{\376\377\0001\000.\0001\000\040\151\202\217\360}{chapter.1}% 8
\BOOKMARK [1][]{section.1.2}{\376\377\0001\000.\0002\000\040\121\205\133\271\211\201\154\102}{chapter.1}% 9
\BOOKMARK [2][]{subsection.1.2.1}{\376\377\0001\000.\0002\000.\0001\000\040\134\001\227\142}{section.1.2}% 10
\BOOKMARK [2][]{subsection.1.2.2}{\376\377\0001\000.\0002\000.\0002\000\040\230\230\124\015\230\165}{section.1.2}% 11
\BOOKMARK [2][]{subsection.1.2.3}{\376\377\0001\000.\0002\000.\0003\000\040\162\354\122\033\140\047\130\360\146\016\124\214\117\177\165\050\143\210\147\103\116\146}{section.1.2}% 12
\BOOKMARK [2][]{subsection.1.2.4}{\376\377\0001\000.\0002\000.\0004\000\040\144\130\211\201}{section.1.2}% 13
\BOOKMARK [2][]{subsection.1.2.5}{\376\377\0001\000.\0002\000.\0005\000\040\166\356\137\125}{section.1.2}% 14
\BOOKMARK [2][]{subsection.1.2.6}{\376\377\0001\000.\0002\000.\0006\000\040\126\376\210\150\156\005\123\125\123\312\116\073\211\201\173\046\123\367\210\150}{section.1.2}% 15
\BOOKMARK [2][]{subsection.1.2.7}{\376\377\0001\000.\0002\000.\0007\000\040\116\073\117\123\220\350\122\006}{section.1.2}% 16
\BOOKMARK [2][]{subsection.1.2.8}{\376\377\0001\000.\0002\000.\0008\000\040\123\302\200\003\145\207\163\056}{section.1.2}% 17
\BOOKMARK [2][]{subsection.1.2.9}{\376\377\0001\000.\0002\000.\0009\000\040\226\104\137\125}{section.1.2}% 18
\BOOKMARK [2][]{subsection.1.2.10}{\376\377\0001\000.\0002\000.\0001\0000\000\040\142\020\147\234}{section.1.2}% 19
\BOOKMARK [2][]{subsection.1.2.11}{\376\377\0001\000.\0002\000.\0001\0001\000\040\201\364\214\042}{section.1.2}% 20
\BOOKMARK [2][]{subsection.1.2.12}{\376\377\0001\000.\0002\000.\0001\0002\000\040\117\134\200\005\173\200\116\313}{section.1.2}% 21
\BOOKMARK [0][]{chapter.2}{\376\377\173\054\116\214\172\340\000\040\000\040\213\364\146\016}{}% 22
\BOOKMARK [1][]{section.2.1}{\376\377\0002\000.\0001\000\040\133\217\123\005\117\177\165\050}{chapter.2}% 23
\BOOKMARK [1][]{section.2.2}{\376\377\0002\000.\0002\000\040\220\011\230\171\213\276\177\156}{chapter.2}% 24
\BOOKMARK [1][]{section.2.3}{\376\377\0002\000.\0003\000\040\172\340\202\202\144\260\121\231}{chapter.2}% 25
\BOOKMARK [1][]{section.2.4}{\376\377\0002\000.\0004\000\040\154\350\141\017\116\213\230\171}{chapter.2}% 26
\BOOKMARK [1][]{section.2.5}{\376\377\0002\000.\0005\000\040\000T\000o\000D\000o}{chapter.2}% 27
\BOOKMARK [1][]{section.2.6}{\376\377\0002\000.\0006\000\040\141\017\211\301\123\312\225\356\230\230\123\315\231\210}{chapter.2}% 28
\BOOKMARK [0][]{chapter.3}{\376\377\173\054\116\011\172\340\000\040\000\040\171\072\117\213}{}% 29
\BOOKMARK [1][]{section.3.1}{\376\377\0003\000.\0001\000\040\123\302\200\003\145\207\163\056\137\025\165\050}{chapter.3}% 30
\BOOKMARK [2][]{subsection.3.1.1}{\376\377\0003\000.\0001\000.\0001\000\040\145\160\133\127\150\007\154\350}{section.3.1}% 31
\BOOKMARK [2][]{subsection.3.1.2}{\376\377\0003\000.\0001\000.\0002\000\040\145\160\133\127\150\007\154\350\000-\116\012\150\007\137\142\137\017}{section.3.1}% 32
\BOOKMARK [2][]{subsection.3.1.3}{\376\377\0003\000.\0001\000.\0003\000\040\204\127\200\005\000-\121\372\162\110\136\164\122\066\150\007}{section.3.1}% 33
\BOOKMARK [2][]{subsection.3.1.4}{\376\377\0003\000.\0001\000.\0004\000\040\121\166\116\326\137\142\137\017\166\204\150\007\154\350}{section.3.1}% 34
\BOOKMARK [1][]{section.3.2}{\376\377\0003\000.\0002\000\040\155\156\122\250\117\123}{chapter.3}% 35
\BOOKMARK [1][]{section.3.3}{\376\377\0003\000.\0003\000\040\173\227\154\325\163\257\130\203}{chapter.3}% 36
\BOOKMARK [2][]{subsection.3.3.1}{\376\377\0003\000.\0003\000.\0001\000\040\116\011\176\277\210\150}{section.3.3}% 37
\BOOKMARK [1][]{section.3.4}{\376\377\0003\000.\0004\000\040\225\177\210\150\150\074}{chapter.3}% 38
\BOOKMARK [1][]{section.3.5}{\376\377\0003\000.\0005\000\040\143\322\126\376}{chapter.3}% 39
\BOOKMARK [1][]{section.3.6}{\376\377\0003\000.\0006\000\040\145\160\133\146\163\257\130\203}{chapter.3}% 40
\BOOKMARK [2][]{subsection.3.6.1}{\376\377\0003\000.\0006\000.\0001\000\040\145\160\133\146\173\046\123\367}{section.3.6}% 41
\BOOKMARK [2][]{subsection.3.6.2}{\376\377\0003\000.\0006\000.\0002\000\040\133\232\164\006\060\001\137\025\164\006\124\214\213\301\146\016}{section.3.6}% 42
\BOOKMARK [2][]{subsection.3.6.3}{\376\377\0003\000.\0006\000.\0003\000\040\201\352\133\232\116\111}{section.3.6}% 43
\BOOKMARK [0][]{chapter*.12}{\376\377\140\073\176\323}{}% 44
\BOOKMARK [0][]{section*.13}{\376\377\123\302\200\003\145\207\163\056}{}% 45
\BOOKMARK [0][]{chapter*.14}{\376\377\226\104\000\040\000\040\000\040\000\040\137\125}{}% 46
\BOOKMARK [0][]{chapter*.15}{\376\377\145\073\213\373\170\125\130\353\133\146\117\115\147\037\225\364\123\326\137\227\166\204\133\146\147\057\142\020\147\234}{}% 47
\BOOKMARK [0][]{chapter*.16}{\376\377\201\364\000\040\000\040\000\040\000\040\214\042}{}% 48
